{"/Users/dhruvgupta/Desktop/Twitter/src/models/tweet.js": {"path":"/Users/dhruvgupta/Desktop/Twitter/src/models/tweet.js","statementMap":{"0":{"start":{"line":2,"column":20},"end":{"line":23,"column":22}},"1":{"start":{"line":25,"column":14},"end":{"line":25,"column":50}}},"fnMap":{},"branchMap":{},"s":{"0":1,"1":1},"f":{},"b":{},"_coverageSchema":"1a1c01bbd47fc00a2c39e90264f33305004495a9","hash":"0c71fa4344ae1a7a7854167de042f9aa6311a621"}
,"/Users/dhruvgupta/Desktop/Twitter/src/repository/crud-repository.js": {"path":"/Users/dhruvgupta/Desktop/Twitter/src/repository/crud-repository.js","statementMap":{"0":{"start":{"line":5,"column":8},"end":{"line":5,"column":27}},"1":{"start":{"line":9,"column":8},"end":{"line":15,"column":9}},"2":{"start":{"line":10,"column":27},"end":{"line":10,"column":56}},"3":{"start":{"line":11,"column":12},"end":{"line":11,"column":26}},"4":{"start":{"line":13,"column":12},"end":{"line":13,"column":61}},"5":{"start":{"line":14,"column":12},"end":{"line":14,"column":24}},"6":{"start":{"line":19,"column":8},"end":{"line":25,"column":9}},"7":{"start":{"line":20,"column":27},"end":{"line":20,"column":65}},"8":{"start":{"line":21,"column":12},"end":{"line":21,"column":26}},"9":{"start":{"line":23,"column":12},"end":{"line":23,"column":61}},"10":{"start":{"line":24,"column":12},"end":{"line":24,"column":24}},"11":{"start":{"line":29,"column":8},"end":{"line":35,"column":9}},"12":{"start":{"line":30,"column":27},"end":{"line":30,"column":56}},"13":{"start":{"line":31,"column":12},"end":{"line":31,"column":26}},"14":{"start":{"line":33,"column":12},"end":{"line":33,"column":61}},"15":{"start":{"line":34,"column":12},"end":{"line":34,"column":24}},"16":{"start":{"line":39,"column":8},"end":{"line":45,"column":9}},"17":{"start":{"line":40,"column":27},"end":{"line":40,"column":52}},"18":{"start":{"line":41,"column":12},"end":{"line":41,"column":26}},"19":{"start":{"line":43,"column":12},"end":{"line":43,"column":61}},"20":{"start":{"line":44,"column":12},"end":{"line":44,"column":24}},"21":{"start":{"line":49,"column":8},"end":{"line":55,"column":9}},"22":{"start":{"line":50,"column":27},"end":{"line":50,"column":84}},"23":{"start":{"line":51,"column":12},"end":{"line":51,"column":26}},"24":{"start":{"line":53,"column":12},"end":{"line":53,"column":61}},"25":{"start":{"line":54,"column":12},"end":{"line":54,"column":24}}},"fnMap":{"0":{"name":"(anonymous_0)","decl":{"start":{"line":4,"column":4},"end":{"line":4,"column":5}},"loc":{"start":{"line":4,"column":23},"end":{"line":6,"column":5}},"line":4},"1":{"name":"(anonymous_1)","decl":{"start":{"line":8,"column":4},"end":{"line":8,"column":5}},"loc":{"start":{"line":8,"column":22},"end":{"line":16,"column":5}},"line":8},"2":{"name":"(anonymous_2)","decl":{"start":{"line":18,"column":4},"end":{"line":18,"column":5}},"loc":{"start":{"line":18,"column":22},"end":{"line":26,"column":5}},"line":18},"3":{"name":"(anonymous_3)","decl":{"start":{"line":28,"column":4},"end":{"line":28,"column":5}},"loc":{"start":{"line":28,"column":18},"end":{"line":36,"column":5}},"line":28},"4":{"name":"(anonymous_4)","decl":{"start":{"line":38,"column":4},"end":{"line":38,"column":5}},"loc":{"start":{"line":38,"column":19},"end":{"line":46,"column":5}},"line":38},"5":{"name":"(anonymous_5)","decl":{"start":{"line":48,"column":4},"end":{"line":48,"column":5}},"loc":{"start":{"line":48,"column":27},"end":{"line":56,"column":5}},"line":48}},"branchMap":{},"s":{"0":1,"1":0,"2":0,"3":0,"4":0,"5":0,"6":0,"7":0,"8":0,"9":0,"10":0,"11":0,"12":0,"13":0,"14":0,"15":0,"16":0,"17":0,"18":0,"19":0,"20":0,"21":0,"22":0,"23":0,"24":0,"25":0},"f":{"0":1,"1":0,"2":0,"3":0,"4":0,"5":0},"b":{},"_coverageSchema":"1a1c01bbd47fc00a2c39e90264f33305004495a9","hash":"32d00e9364e87b79a95e7b74c841f88e53b76fe4"}
,"/Users/dhruvgupta/Desktop/Twitter/src/repository/tweet-repository.js": {"path":"/Users/dhruvgupta/Desktop/Twitter/src/repository/tweet-repository.js","statementMap":{"0":{"start":{"line":6,"column":8},"end":{"line":6,"column":21}},"1":{"start":{"line":10,"column":8},"end":{"line":15,"column":9}},"2":{"start":{"line":11,"column":26},"end":{"line":11,"column":50}},"3":{"start":{"line":12,"column":12},"end":{"line":12,"column":25}},"4":{"start":{"line":14,"column":12},"end":{"line":14,"column":31}},"5":{"start":{"line":19,"column":8},"end":{"line":24,"column":9}},"6":{"start":{"line":20,"column":26},"end":{"line":20,"column":86}},"7":{"start":{"line":21,"column":12},"end":{"line":21,"column":25}},"8":{"start":{"line":23,"column":12},"end":{"line":23,"column":31}},"9":{"start":{"line":28,"column":8},"end":{"line":33,"column":9}},"10":{"start":{"line":29,"column":26},"end":{"line":29,"column":70}},"11":{"start":{"line":30,"column":12},"end":{"line":30,"column":25}},"12":{"start":{"line":32,"column":12},"end":{"line":32,"column":31}},"13":{"start":{"line":37,"column":8},"end":{"line":42,"column":9}},"14":{"start":{"line":38,"column":27},"end":{"line":38,"column":71}},"15":{"start":{"line":39,"column":12},"end":{"line":39,"column":25}},"16":{"start":{"line":41,"column":12},"end":{"line":41,"column":31}}},"fnMap":{"0":{"name":"(anonymous_0)","decl":{"start":{"line":5,"column":4},"end":{"line":5,"column":5}},"loc":{"start":{"line":5,"column":18},"end":{"line":7,"column":5}},"line":5},"1":{"name":"(anonymous_1)","decl":{"start":{"line":9,"column":4},"end":{"line":9,"column":5}},"loc":{"start":{"line":9,"column":23},"end":{"line":16,"column":5}},"line":9},"2":{"name":"(anonymous_2)","decl":{"start":{"line":18,"column":4},"end":{"line":18,"column":5}},"loc":{"start":{"line":18,"column":29},"end":{"line":25,"column":5}},"line":18},"3":{"name":"(anonymous_3)","decl":{"start":{"line":27,"column":4},"end":{"line":27,"column":5}},"loc":{"start":{"line":27,"column":31},"end":{"line":34,"column":5}},"line":27},"4":{"name":"(anonymous_4)","decl":{"start":{"line":36,"column":4},"end":{"line":36,"column":5}},"loc":{"start":{"line":36,"column":19},"end":{"line":43,"column":5}},"line":36}},"branchMap":{},"s":{"0":1,"1":1,"2":1,"3":1,"4":0,"5":0,"6":0,"7":0,"8":0,"9":0,"10":0,"11":0,"12":0,"13":0,"14":0,"15":0,"16":0},"f":{"0":1,"1":1,"2":0,"3":0,"4":0},"b":{},"_coverageSchema":"1a1c01bbd47fc00a2c39e90264f33305004495a9","hash":"4a9cfd9f5662c646576cec2754cf1fee402948e9"}
,"/Users/dhruvgupta/Desktop/Twitter/src/services/dummy-service.js": {"path":"/Users/dhruvgupta/Desktop/Twitter/src/services/dummy-service.js","statementMap":{"0":{"start":{"line":3,"column":23},"end":{"line":11,"column":1}},"1":{"start":{"line":4,"column":19},"end":{"line":4,"column":27}},"2":{"start":{"line":5,"column":4},"end":{"line":10,"column":5}},"3":{"start":{"line":6,"column":8},"end":{"line":6,"column":29}},"4":{"start":{"line":9,"column":8},"end":{"line":9,"column":33}}},"fnMap":{"0":{"name":"(anonymous_0)","decl":{"start":{"line":3,"column":23},"end":{"line":3,"column":24}},"loc":{"start":{"line":3,"column":29},"end":{"line":11,"column":1}},"line":3}},"branchMap":{"0":{"loc":{"start":{"line":5,"column":4},"end":{"line":10,"column":5}},"type":"if","locations":[{"start":{"line":5,"column":4},"end":{"line":10,"column":5}},{"start":{"line":8,"column":9},"end":{"line":10,"column":5}}],"line":5}},"s":{"0":1,"1":2,"2":2,"3":1,"4":1},"f":{"0":2},"b":{"0":[1,1]},"_coverageSchema":"1a1c01bbd47fc00a2c39e90264f33305004495a9","hash":"be913b9a30dea8e1f75c1baea236142b132c215e"}
,"/Users/dhruvgupta/Desktop/Twitter/src/services/helper-service.js": {"path":"/Users/dhruvgupta/Desktop/Twitter/src/services/helper-service.js","statementMap":{"0":{"start":{"line":1,"column":22},"end":{"line":4,"column":1}},"1":{"start":{"line":2,"column":16},"end":{"line":2,"column":44}},"2":{"start":{"line":3,"column":4},"end":{"line":3,"column":24}}},"fnMap":{"0":{"name":"(anonymous_0)","decl":{"start":{"line":1,"column":22},"end":{"line":1,"column":23}},"loc":{"start":{"line":1,"column":28},"end":{"line":4,"column":1}},"line":1}},"branchMap":{},"s":{"0":1,"1":0,"2":0},"f":{"0":0},"b":{},"_coverageSchema":"1a1c01bbd47fc00a2c39e90264f33305004495a9","hash":"281fb7f5df0494bd8b9632e2e8f46d7fee207ed6"}
}
